# JRE version: OpenJDK Runtime Environment Temurin-17.0.7+7 (17.0.7+7) (build 17.0.7+7)
# Java VM: OpenJDK 64-Bit Server VM Temurin-17.0.7+7 (17.0.7+7, mixed mode, tiered, compressed oops, compressed class ptrs, g1 gc, windows-amd64)
GC Precious Log:
 CPUs: 4 total, 4 available
 Memory: 6011M
 Large Page Support: Disabled
 NUMA Support: Disabled
 Compressed Oops: Enabled (32-bit)
 Heap Region Size: 1M
 Heap Min Capacity: 8M
 Heap Initial Capacity: 94M
 Heap Max Capacity: 1504M
 Pre-touch: Disabled
 Parallel Workers: 4
 Concurrent Workers: 1
 Concurrent Refinement Workers: 4
 Periodic GC: Disabled
Heap:
 garbage-first heap   total 36864K, used 26647K [0x00000000a2000000, 0x0000000100000000)
  region size 1024K, 14 young (14336K), 2 survivors (2048K)
 Metaspace       used 43963K, committed 44800K, reserved 1114112K
  class space    used 5204K, committed 5504K, reserved 1048576K
GC Heap History (20 events):
Event: 922.823 GC heap before
{Heap before GC invocations=33 (full 7):
 garbage-first heap   total 36864K, used 27356K [0x00000000a2000000, 0x0000000100000000)
  region size 1024K, 11 young (11264K), 0 survivors (0K)
 Metaspace       used 44092K, committed 44608K, reserved 1114112K
  class space    used 5280K, committed 5504K, reserved 1048576K
}
Event: 922.826 GC heap after
{Heap after GC invocations=34 (full 7):
 garbage-first heap   total 36864K, used 17749K [0x00000000a2000000, 0x0000000100000000)
  region size 1024K, 2 young (2048K), 2 survivors (2048K)
 Metaspace       used 44092K, committed 44608K, reserved 1114112K
  class space    used 5280K, committed 5504K, reserved 1048576K
}
Event: 923.722 GC heap before
{Heap before GC invocations=35 (full 7):
 garbage-first heap   total 36864K, used 26965K [0x00000000a2000000, 0x0000000100000000)
  region size 1024K, 11 young (11264K), 2 survivors (2048K)
 Metaspace       used 44160K, committed 44672K, reserved 1114112K
  class space    used 5286K, committed 5504K, reserved 1048576K
}
Event: 923.725 GC heap after
{Heap after GC invocations=36 (full 7):
 garbage-first heap   total 36864K, used 18134K [0x00000000a2000000, 0x0000000100000000)
  region size 1024K, 1 young (1024K), 1 survivors (1024K)
 Metaspace       used 44160K, committed 44672K, reserved 1114112K
  class space    used 5286K, committed 5504K, reserved 1048576K
}
Event: 1386.688 GC heap before
{Heap before GC invocations=36 (full 7):
 garbage-first heap   total 36864K, used 26326K [0x00000000a2000000, 0x0000000100000000)
  region size 1024K, 10 young (10240K), 1 survivors (1024K)
 Metaspace       used 44188K, committed 44672K, reserved 1114112K
  class space    used 5287K, committed 5504K, reserved 1048576K
}
Event: 1386.691 GC heap after
{Heap after GC invocations=37 (full 7):
 garbage-first heap   total 36864K, used 19708K [0x00000000a2000000, 0x0000000100000000)
  region size 1024K, 2 young (2048K), 2 survivors (2048K)
 Metaspace       used 44188K, committed 44672K, reserved 1114112K
  class space    used 5287K, committed 5504K, reserved 1048576K
}
Event: 2249.797 GC heap before
{Heap before GC invocations=38 (full 7):
 garbage-first heap   total 36864K, used 26502K [0x00000000a2000000, 0x0000000100000000)
  region size 1024K, 9 young (9216K), 2 survivors (2048K)
 Metaspace       used 44245K, committed 44736K, reserved 1114112K
  class space    used 5286K, committed 5504K, reserved 1048576K
}
Event: 2249.800 GC heap after
{Heap after GC invocations=39 (full 7):
 garbage-first heap   total 36864K, used 19404K [0x00000000a2000000, 0x0000000100000000)
  region size 1024K, 1 young (1024K), 1 survivors (1024K)
 Metaspace       used 44245K, committed 44736K, reserved 1114112K
  class space    used 5286K, committed 5504K, reserved 1048576K
}
Event: 2388.806 GC heap before
{Heap before GC invocations=39 (full 7):
 garbage-first heap   total 36864K, used 20428K [0x00000000a2000000, 0x0000000100000000)
  region size 1024K, 2 young (2048K), 1 survivors (1024K)
 Metaspace       used 44245K, committed 44736K, reserved 1114112K
  class space    used 5286K, committed 5504K, reserved 1048576K
}
Event: 2388.807 GC heap after
{Heap after GC invocations=40 (full 7):
 garbage-first heap   total 36864K, used 17870K [0x00000000a2000000, 0x0000000100000000)
  region size 1024K, 1 young (1024K), 1 survivors (1024K)
 Metaspace       used 44245K, committed 44736K, reserved 1114112K
  class space    used 5286K, committed 5504K, reserved 1048576K
}
Event: 3697.505 GC heap before
{Heap before GC invocations=40 (full 7):
 garbage-first heap   total 36864K, used 27086K [0x00000000a2000000, 0x0000000100000000)
  region size 1024K, 10 young (10240K), 1 survivors (1024K)
 Metaspace       used 44271K, committed 44736K, reserved 1114112K
  class space    used 5286K, committed 5504K, reserved 1048576K
}
Event: 3697.506 GC heap after
{Heap after GC invocations=41 (full 7):
 garbage-first heap   total 36864K, used 17811K [0x00000000a2000000, 0x0000000100000000)
  region size 1024K, 1 young (1024K), 1 survivors (1024K)
 Metaspace       used 44271K, committed 44736K, reserved 1114112K
  class space    used 5286K, committed 5504K, reserved 1048576K
}
Event: 5184.960 GC heap before
{Heap before GC invocations=42 (full 7):
 garbage-first heap   total 36864K, used 28051K [0x00000000a2000000, 0x0000000100000000)
  region size 1024K, 11 young (11264K), 1 survivors (1024K)
 Metaspace       used 43877K, committed 44736K, reserved 1114112K
  class space    used 5199K, committed 5504K, reserved 1048576K
}
Event: 5184.961 GC heap after
{Heap after GC invocations=43 (full 7):
 garbage-first heap   total 36864K, used 17801K [0x00000000a2000000, 0x0000000100000000)
  region size 1024K, 1 young (1024K), 1 survivors (1024K)
 Metaspace       used 43877K, committed 44736K, reserved 1114112K
  class space    used 5199K, committed 5504K, reserved 1048576K
}
Event: 5327.182 GC heap before
{Heap before GC invocations=43 (full 7):
 garbage-first heap   total 36864K, used 18825K [0x00000000a2000000, 0x0000000100000000)
  region size 1024K, 2 young (2048K), 1 survivors (1024K)
 Metaspace       used 43877K, committed 44736K, reserved 1114112K
  class space    used 5199K, committed 5504K, reserved 1048576K
}
Event: 5327.189 GC heap after
{Heap after GC invocations=44 (full 7):
 garbage-first heap   total 36864K, used 16159K [0x00000000a2000000, 0x0000000100000000)
  region size 1024K, 1 young (1024K), 1 survivors (1024K)
 Metaspace       used 43877K, committed 44736K, reserved 1114112K
  class space    used 5199K, committed 5504K, reserved 1048576K
}
Event: 6636.229 GC heap before
{Heap before GC invocations=44 (full 7):
 garbage-first heap   total 36864K, used 25375K [0x00000000a2000000, 0x0000000100000000)
  region size 1024K, 11 young (11264K), 1 survivors (1024K)
 Metaspace       used 43884K, committed 44736K, reserved 1114112K
  class space    used 5200K, committed 5504K, reserved 1048576K
}
Event: 6636.343 GC heap after
{Heap after GC invocations=45 (full 8):
 garbage-first heap   total 36864K, used 13632K [0x00000000a2000000, 0x0000000100000000)
  region size 1024K, 0 young (0K), 0 survivors (0K)
 Metaspace       used 43881K, committed 44736K, reserved 1114112K
  class space    used 5199K, committed 5504K, reserved 1048576K
}
Event: 6638.492 GC heap before
{Heap before GC invocations=45 (full 8):
 garbage-first heap   total 36864K, used 28992K [0x00000000a2000000, 0x0000000100000000)
  region size 1024K, 15 young (15360K), 0 survivors (0K)
 Metaspace       used 43949K, committed 44800K, reserved 1114112K
  class space    used 5204K, committed 5504K, reserved 1048576K
}
Event: 6638.498 GC heap after
{Heap after GC invocations=46 (full 8):
 garbage-first heap   total 36864K, used 15383K [0x00000000a2000000, 0x0000000100000000)
  region size 1024K, 2 young (2048K), 2 survivors (2048K)
 Metaspace       used 43949K, committed 44800K, reserved 1114112K
  class space    used 5204K, committed 5504K, reserved 1048576K
}

